<?xml version="1.0" encoding="UTF-8"?>
<testng-results ignored="0" total="1" passed="1" failed="0" skipped="0">
  <reporter-output>
  </reporter-output>
  <suite started-at="2022-12-30T10:16:49 CLST" name="Default suite" finished-at="2022-12-30T10:17:44 CLST" duration-ms="55173">
    <groups>
    </groups>
    <test started-at="2022-12-30T10:16:49 CLST" name="Default test" finished-at="2022-12-30T10:17:44 CLST" duration-ms="55173">
      <class name="org.framkeworkpart.eCommerce_tc_3_Hybrid">
        <test-method is-config="true" signature="ConfigureAppium()[pri:0, instance:org.framkeworkpart.eCommerce_tc_3_Hybrid@7b98f307]" started-at="2022-12-30T10:16:49 CLST" name="ConfigureAppium" finished-at="2022-12-30T10:17:10 CLST" duration-ms="20628" status="PASS">
          <reporter-output>
          </reporter-output>
        </test-method> <!-- ConfigureAppium -->
        <test-method signature="FillForm()[pri:0, instance:org.framkeworkpart.eCommerce_tc_3_Hybrid@7b98f307]" started-at="2022-12-30T10:17:10 CLST" name="FillForm" finished-at="2022-12-30T10:17:44 CLST" duration-ms="34163" status="PASS">
          <reporter-output>
          </reporter-output>
        </test-method> <!-- FillForm -->
        <test-method is-config="true" signature="tearDown()[pri:0, instance:org.framkeworkpart.eCommerce_tc_3_Hybrid@7b98f307]" started-at="2022-12-30T10:17:44 CLST" name="tearDown" finished-at="2022-12-30T10:17:44 CLST" duration-ms="352" status="PASS">
          <reporter-output>
          </reporter-output>
        </test-method> <!-- tearDown -->
      </class> <!-- org.framkeworkpart.eCommerce_tc_3_Hybrid -->
    </test> <!-- Default test -->
  </suite> <!-- Default suite -->
</testng-results>
